0 info it worked if it ends with ok
1 verbose cli [ '/usr/local/Cellar/node/5.10.0/bin/node',
1 verbose cli   '/usr/local/bin/npm',
1 verbose cli   'install',
1 verbose cli   '/*!' ]
2 info using npm@3.8.9
3 info using node@v5.10.0
4 silly loadCurrentTree Starting
5 silly install loadCurrentTree
6 silly install readLocalPackageData
7 silly fetchPackageMetaData /*!
8 silly fetchOtherPackageData /*!
9 silly cache add args [ '/*!', null ]
10 verbose cache add spec /*!
11 silly cache add parsed spec Result {
11 silly cache add   raw: '/*!',
11 silly cache add   scope: null,
11 silly cache add   name: null,
11 silly cache add   rawSpec: '/*!',
11 silly cache add   spec: '/*!',
11 silly cache add   type: 'local' }
12 error addLocal Could not install /*!
13 silly fetchPackageMetaData Error: ENOENT: no such file or directory, open '/*!'
13 silly fetchPackageMetaData     at Error (native)
13 silly fetchPackageMetaData  error for /*! { [Error: ENOENT: no such file or directory, open '/*!'] errno: -2, code: 'ENOENT', syscall: 'open', path: '/*!' }
14 silly rollbackFailedOptional Starting
15 silly rollbackFailedOptional Finishing
16 silly runTopLevelLifecycles Starting
17 silly runTopLevelLifecycles Finishing
18 silly install printInstalled
19 verbose stack Error: ENOENT: no such file or directory, open '/*!'
19 verbose stack     at Error (native)
20 verbose cwd /Users/user/Workspace/Poetry
21 error Darwin 15.3.0
22 error argv "/usr/local/Cellar/node/5.10.0/bin/node" "/usr/local/bin/npm" "install" "/*!"
23 error node v5.10.0
24 error npm  v3.8.9
25 error path /*!
26 error code ENOENT
27 error errno -2
28 error syscall open
29 error enoent ENOENT: no such file or directory, open '/*!'
30 error enoent ENOENT: no such file or directory, open '/*!'
30 error enoent This is most likely not a problem with npm itself
30 error enoent and is related to npm not being able to find a file.
31 verbose exit [ -2, true ]
